Aucun achat effectué ce tick
Aucun achat effectué ce tick
Aucun achat effectué ce tick
Aucun achat effectué ce tick
Aucun achat effectué ce tick
Aucun achat effectué ce tick
Aucun achat effectué ce tick
Aucun achat effectué ce tick
Aucun achat effectué ce tick
Aucun achat effectué ce tick
Aucun achat effectué ce tick
Aucun achat effectué ce tick
Aucun achat effectué ce tick
Aucun achat effectué ce tick
Aucun achat effectué ce tick
Aucun achat effectué ce tick
Aucun achat effectué ce tick
Aucun achat effectué ce tick
Aucun achat effectué ce tick
Aucun achat effectué ce tick
Aucun achat effectué ce tick
Aucun achat effectué ce tick
Aucun achat effectué ce tick
Aucun achat effectué ce tick
Aucun achat effectué ce tick
Aucun achat effectué ce tick
Aucun achat effectué ce tick
Aucun achat effectué ce tick
Aucun achat effectué ce tick
[EVENT: RECHARGE_BUDGET] [RECHARGE] BuildTech: +568€ (ancien: 2240.0€ → nouveau: 2808.0€)
[EVENT: RECHARGE_BUDGET] [RECHARGE] BioLogix: +443€ (ancien: 1130.0€ → nouveau: 1573.0€)
[EVENT: RECHARGE_BUDGET] [RESUME RECHARGE] 2 entreprises rechargées | Total: +1011€ | Moyenne: +505.5€
[EVENT: INFLATION] [INFLATION] Catégorie ciblée : matiere_premiere - 5 prix modifiés | Min: +40.0% | Max: +61.0% | Moy: +48.4%
Aucun achat effectué ce tick
Aucun achat effectué ce tick
Aucun achat effectué ce tick
Aucun achat effectué ce tick
Aucun achat effectué ce tick
Aucun achat effectué ce tick
Aucun achat effectué ce tick
Aucun achat effectué ce tick
Aucun achat effectué ce tick
Aucun achat effectué ce tick
Aucun achat effectué ce tick
Aucun achat effectué ce tick
Entreprise_8 achète 31 produits (92.10€ prix unitaire Lampe) chez le fournisseur AsieImport pour 2855.10€ (budget restant entreprise: 836.26€)
Entreprise_11 achète 1 produits (261.67€ prix unitaire Bois) chez le fournisseur AsieImport pour 261.67€ (budget restant entreprise: 9.36€)
Entreprise_15 ne peut pas acheter Lampe chez Fournisseur_9 : pas de prix défini
Entreprise_17 achète 3 produits (269.09€ prix unitaire Sac à dos) chez le fournisseur PlancheCompagnie pour 807.27€ (budget restant entreprise: 584.17€)
MagaToys achète 1 produits (300.99€ prix unitaire Clavier) chez le fournisseur AsieImport pour 300.99€ (budget restant entreprise: 4346.11€)
Entreprise_9 ne peut pas acheter Batterie externe chez Fournisseur_10 : pas de prix défini
Entreprise_13 achète 2 produits (50.57€ prix unitaire Batterie externe) chez le fournisseur ElectroPlus pour 101.14€ (budget restant entreprise: 923.77€)
Entreprise_15 achète 16 produits (297.44€ prix unitaire Clavier) chez le fournisseur PlancheCompagnie pour 4759.04€ (budget restant entreprise: 64.34€)
Entreprise_18 ne peut pas acheter Vélo chez AsieImport : pas de prix défini
MagaToys ne peut pas acheter Tente chez Fournisseur_8 : pas de prix défini
BuildTech achète 89 produits (18.55€ prix unitaire Batterie externe) chez le fournisseur PlancheCompagnie pour 1650.95€ (budget restant entreprise: 3238.59€)
Entreprise_9 ne peut pas acheter Batterie externe chez Fournisseur_8 : pas de prix défini
Entreprise_14 ne peut pas acheter Batterie externe chez Fournisseur_10 : pas de prix défini
Entreprise_15 ne peut pas acheter Batterie externe chez Fournisseur_6 : pas de prix défini
Entreprise_16 ne peut pas acheter Batterie externe chez Fournisseur_8 : pas de prix défini
Entreprise_20 achète 15 produits (137.67€ prix unitaire Batterie externe) chez le fournisseur AsieImport pour 2065.05€ (budget restant entreprise: 729.10€)
Entreprise_4 ne peut pas acheter Batterie externe chez Fournisseur_8 : pas de prix défini
Entreprise_5 ne peut pas acheter Tente chez Fournisseur_8 : pas de prix défini
Entreprise_8 ne peut pas acheter Bois chez ElectroPlus : pas de prix défini
Entreprise_16 achète 144 produits (18.55€ prix unitaire Batterie externe) chez le fournisseur PlancheCompagnie pour 2671.20€ (budget restant entreprise: 1746.90€)
Entreprise_17 achète 1 produits (333.80€ prix unitaire Tente) chez le fournisseur TechDistrib pour 333.80€ (budget restant entreprise: 250.37€)
Entreprise_18 achète 1 produits (2065.74€ prix unitaire Écouteurs) chez le fournisseur AsieImport pour 2065.74€ (budget restant entreprise: 701.11€)
MagaToys ne peut pas acheter Téléphone chez Fournisseur_8 : pas de prix défini
Entreprise_5 achète 1 produits (273.64€ prix unitaire Bureau) chez le fournisseur AsieImport pour 273.64€ (budget restant entreprise: 798.34€)
Entreprise_7 achète 3 produits (261.67€ prix unitaire Bois) chez le fournisseur AsieImport pour 785.01€ (budget restant entreprise: 2955.10€)
Entreprise_9 achète 1 produits (50.57€ prix unitaire Batterie externe) chez le fournisseur ElectroPlus pour 50.57€ (budget restant entreprise: 765.04€)
Entreprise_10 achète 2 produits (418.90€ prix unitaire Planches) chez le fournisseur NordicTools pour 837.80€ (budget restant entreprise: 582.30€)
Entreprise_13 achète 19 produits (18.55€ prix unitaire Batterie externe) chez le fournisseur PlancheCompagnie pour 352.45€ (budget restant entreprise: 571.32€)
Entreprise_14 achète 28 produits (18.55€ prix unitaire Batterie externe) chez le fournisseur PlancheCompagnie pour 519.40€ (budget restant entreprise: 518.29€)
Entreprise_16 achète 2 produits (302.55€ prix unitaire Batterie externe) chez le fournisseur TechDistrib pour 605.10€ (budget restant entreprise: 1141.80€)
Entreprise_17 achète 1 produits (50.57€ prix unitaire Batterie externe) chez le fournisseur ElectroPlus pour 50.57€ (budget restant entreprise: 199.80€)
Entreprise_19 achète 7 produits (204.56€ prix unitaire Moniteur) chez le fournisseur TechDistrib pour 1431.92€ (budget restant entreprise: 3466.43€)
BuildTech ne peut pas acheter Tapis de souris chez Fournisseur_6 : pas de prix défini
BioLogix ne peut pas acheter Acier chez Fournisseur_6 : pas de prix défini
Entreprise_9 ne peut pas acheter Chaise chez Fournisseur_9 : pas de prix défini
Entreprise_10 achète 156 produits (17.94€ prix unitaire Câble USB) chez le fournisseur ElectroPlus pour 2798.64€ (budget restant entreprise: 606.65€)
Entreprise_12 achète 6 produits (239.26€ prix unitaire Moniteur) chez le fournisseur TechDistrib pour 1435.56€ (budget restant entreprise: 1961.58€)
Entreprise_13 achète 195 produits (11.83€ prix unitaire Chaise) chez le fournisseur ElectroPlus pour 2306.85€ (budget restant entreprise: 1580.93€)
Entreprise_15 achète 20 produits (11.83€ prix unitaire Chaise) chez le fournisseur ElectroPlus pour 236.60€ (budget restant entreprise: 3487.32€)
Entreprise_16 achète 3 produits (710.05€ prix unitaire Bois) chez le fournisseur ElectroPlus pour 2130.15€ (budget restant entreprise: 1245.96€)
Entreprise_20 ne peut pas acheter Chaise chez Fournisseur_9 : pas de prix défini
BuildTech achète 2 produits (245.28€ prix unitaire Moniteur) chez le fournisseur NordicTools pour 490.56€ (budget restant entreprise: 1161.69€)
BioLogix ne peut pas acheter Câble USB chez Fournisseur_8 : pas de prix défini
Entreprise_6 ne peut pas acheter Chaise chez Fournisseur_9 : pas de prix défini
Entreprise_8 ne peut pas acheter Chaise chez Fournisseur_9 : pas de prix défini
Entreprise_12 ne peut pas acheter Vélo chez Fournisseur_7 : pas de prix défini
Entreprise_14 ne peut pas acheter Téléphone chez Fournisseur_6 : pas de prix défini
Entreprise_18 achète 10 produits (11.83€ prix unitaire Chaise) chez le fournisseur ElectroPlus pour 118.30€ (budget restant entreprise: 3091.50€)
BuildTech ne peut pas acheter Tente chez Fournisseur_8 : pas de prix défini
Entreprise_6 ne peut pas acheter Chaise chez Fournisseur_8 : pas de prix défini
Entreprise_7 ne peut pas acheter Chaise chez Fournisseur_9 : pas de prix défini
Entreprise_10 achète 6 produits (39.11€ prix unitaire Tente) chez le fournisseur NordicTools pour 234.66€ (budget restant entreprise: 371.99€)
Entreprise_13 ne peut pas acheter Chaise chez Fournisseur_8 : pas de prix défini
Entreprise_14 achète 6 produits (243.95€ prix unitaire Bureau) chez le fournisseur ElectroPlus pour 1463.70€ (budget restant entreprise: 2638.04€)
Entreprise_18 ne peut pas acheter Chaise chez Fournisseur_9 : pas de prix défini
BioLogix achète 4 produits (529.95€ prix unitaire Sac à dos) chez le fournisseur ElectroPlus pour 2119.80€ (budget restant entreprise: 510.53€)
Entreprise_9 ne peut pas acheter Chaise chez Fournisseur_9 : pas de prix défini
Entreprise_14 achète 3 produits (39.11€ prix unitaire Tente) chez le fournisseur NordicTools pour 117.33€ (budget restant entreprise: 2520.71€)
Entreprise_20 ne peut pas acheter Chaise chez Fournisseur_7 : pas de prix défini
MagaToys ne peut pas acheter Bureau chez Fournisseur_9 : pas de prix défini
BioLogix ne peut pas acheter Bureau chez Fournisseur_8 : pas de prix défini
Entreprise_5 achète 4 produits (421.30€ prix unitaire Chaise) chez le fournisseur NordicTools pour 1685.20€ (budget restant entreprise: 135.15€)
Entreprise_8 ne peut pas acheter Chaise chez Fournisseur_10 : pas de prix défini
Entreprise_14 achète 4 produits (243.95€ prix unitaire Bureau) chez le fournisseur ElectroPlus pour 975.80€ (budget restant entreprise: 1544.91€)
Entreprise_15 ne peut pas acheter Chaise chez Fournisseur_9 : pas de prix défini
Entreprise_16 achète 1 produits (137.20€ prix unitaire Sac à dos) chez le fournisseur TechDistrib pour 137.20€ (budget restant entreprise: 1108.76€)
Entreprise_19 achète 19 produits (11.83€ prix unitaire Chaise) chez le fournisseur ElectroPlus pour 224.77€ (budget restant entreprise: 2474.28€)
Aucun achat effectué ce tick
Aucun achat effectué ce tick
Aucun achat effectué ce tick
Aucun achat effectué ce tick
Aucun achat effectué ce tick
Aucun achat effectué ce tick
Aucun achat effectué ce tick
Aucun achat effectué ce tick
Aucun achat effectué ce tick
Aucun achat effectué ce tick
Aucun achat effectué ce tick
Aucun achat effectué ce tick
Aucun achat effectué ce tick
Aucun achat effectué ce tick
Aucun achat effectué ce tick
Aucun achat effectué ce tick
Aucun achat effectué ce tick
Aucun achat effectué ce tick
MagaToys achète 10 produits (50.00€ prix unitaire Acier) chez le fournisseur TechDistrib pour 500.00€ (budget restant entreprise: 134.07€)
MagaToys achète 2 produits (50.00€ prix unitaire Planches) chez le fournisseur PlancheCompagnie pour 100.00€ (budget restant entreprise: 34.07€)
BuildTech achète 4 produits (50.00€ prix unitaire Planches) chez le fournisseur PlancheCompagnie pour 200.00€ (budget restant entreprise: 329.21€)
BuildTech achète 4 produits (50.00€ prix unitaire Planches) chez le fournisseur PlancheCompagnie pour 200.00€ (budget restant entreprise: 129.21€)
BuildTech achète 1 produits (50.00€ prix unitaire Bois) chez le fournisseur TechDistrib pour 50.00€ (budget restant entreprise: 79.21€)
Aucun achat effectué ce tick
Aucun achat effectué ce tick
Aucun achat effectué ce tick
BioLogix achète 8 produits (113.33€ prix unitaire Ours en peluche) chez le fournisseur ElectroPlus pour 906.64€ (budget restant entreprise: 263.35€)
BioLogix ne peut pas acheter 1 Aspirateur (625.91€ prix unitaire Aspirateur) pour un total de 625.91€ car budget insuffisant (budget entreprise: 263.35€)
BioLogix ne peut pas acheter Bois chez NordicTools : pas de prix défini
MagaToys ne peut pas acheter Bois chez ElectroPlus : pas de prix défini
BuildTech achète 7 produits (270.80€ prix unitaire Aspirateur) chez le fournisseur AsieImport pour 1895.60€ (budget restant entreprise: 385.40€)
BuildTech ne peut pas acheter Bois chez AsieImport : pas de prix défini
Entreprise_7 ne peut pas acheter Écouteurs chez PlancheCompagnie : pas de prix défini
Entreprise_13 achète 2 produits (130.99€ prix unitaire Écouteurs) chez le fournisseur ElectroPlus pour 261.98€ (budget restant entreprise: 451.93€)
Entreprise_15 ne peut pas acheter Écouteurs chez Fournisseur_6 : pas de prix défini
Entreprise_16 ne peut pas acheter Sac à dos chez Fournisseur_6 : pas de prix défini
Entreprise_17 achète 17 produits (270.80€ prix unitaire Aspirateur) chez le fournisseur AsieImport pour 4603.60€ (budget restant entreprise: 275.96€)
MagaToys ne peut pas acheter Tapis de souris chez Fournisseur_9 : pas de prix défini
BioLogix ne peut pas acheter Écouteurs chez PlancheCompagnie : pas de prix défini
Entreprise_6 achète 72 produits (48.50€ prix unitaire Écouteurs) chez le fournisseur NordicTools pour 3492.00€ (budget restant entreprise: 1435.93€)
Entreprise_9 ne peut pas acheter Sac à dos chez NordicTools : pas de prix défini
Entreprise_13 achète 1 produits (130.99€ prix unitaire Écouteurs) chez le fournisseur ElectroPlus pour 130.99€ (budget restant entreprise: 320.94€)
Entreprise_14 achète 4 produits (566.41€ prix unitaire Câble USB) chez le fournisseur NordicTools pour 2265.64€ (budget restant entreprise: 1851.97€)
Entreprise_16 achète 2 produits (178.61€ prix unitaire Aspirateur) chez le fournisseur PlancheCompagnie pour 357.22€ (budget restant entreprise: 3129.71€)
MagaToys ne peut pas acheter Acier chez ElectroPlus : pas de prix défini
BuildTech ne peut pas acheter Câble USB chez AsieImport : pas de prix défini
Entreprise_11 ne peut pas acheter Écouteurs chez Fournisseur_6 : pas de prix défini
Entreprise_12 ne peut pas acheter Écouteurs chez Fournisseur_6 : pas de prix défini
Entreprise_13 ne peut pas acheter Écouteurs chez Fournisseur_6 : pas de prix défini
Entreprise_15 ne peut pas acheter Écouteurs chez Fournisseur_8 : pas de prix défini
Entreprise_17 ne peut pas acheter Lampe chez Fournisseur_10 : pas de prix défini
Entreprise_19 achète 10 produits (48.50€ prix unitaire Écouteurs) chez le fournisseur NordicTools pour 485.00€ (budget restant entreprise: 1513.95€)
Entreprise_20 achète 9 produits (130.99€ prix unitaire Écouteurs) chez le fournisseur ElectroPlus pour 1178.91€ (budget restant entreprise: 2806.45€)
BioLogix achète 18 produits (130.99€ prix unitaire Écouteurs) chez le fournisseur ElectroPlus pour 2357.82€ (budget restant entreprise: 1349.26€)
Entreprise_7 achète 8 produits (130.99€ prix unitaire Écouteurs) chez le fournisseur ElectroPlus pour 1047.92€ (budget restant entreprise: 570.57€)
Entreprise_8 ne peut pas acheter Câble USB chez AsieImport : pas de prix défini
Entreprise_15 ne peut pas acheter Écouteurs chez PlancheCompagnie : pas de prix défini
BuildTech ne peut pas acheter Tapis de souris chez Fournisseur_9 : pas de prix défini
Entreprise_5 ne peut pas acheter Écouteurs chez PlancheCompagnie : pas de prix défini
Entreprise_18 ne peut pas acheter Écouteurs chez Fournisseur_8 : pas de prix défini
Aucun achat effectué ce tick
MagaToys achète 2 produits (552.80€ prix unitaire Bois) chez le fournisseur TechDistrib pour 1105.60€ (budget restant entreprise: 786.92€)
BuildTech achète 12 produits (105.48€ prix unitaire Bois) chez le fournisseur NordicTools pour 1265.76€ (budget restant entreprise: 1107.10€)
BioLogix achète 3 produits (872.85€ prix unitaire Acier) chez le fournisseur ElectroPlus pour 2618.55€ (budget restant entreprise: 239.16€)
BioLogix achète 11 produits (11.47€ prix unitaire Ours en peluche) chez le fournisseur AsieImport pour 126.17€ (budget restant entreprise: 112.99€)
MagaToys achète 65 produits (11.63€ prix unitaire Ours en peluche) chez le fournisseur NordicTools pour 755.95€ (budget restant entreprise: 30.97€)
