[30/07/2025 18:11:46] (tick 1) MagaToys a acheté 1x Bois (matiere_premiere) chez TechDistrib à 946.20€ (total: 946.20€) [budget restant: 906.91€] [stratégie: par_type]
[30/07/2025 18:11:46] (tick 1) BuildTech a acheté 32x Aspirateur (matiere_premiere) chez TechDistrib à 46.61€ (total: 1491.52€) [budget restant: 206.30€] [stratégie: moins_cher]
[30/07/2025 18:11:46] (tick 2) BioLogix a acheté 40x Aspirateur (matiere_premiere) chez TechDistrib à 46.61€ (total: 1864.40€) [budget restant: 858.62€] [stratégie: par_type]
[30/07/2025 18:11:46] (tick 2) BuildTech a acheté 1x Aspirateur (matiere_premiere) chez TechDistrib à 46.61€ (total: 46.61€) [budget restant: 159.69€] [stratégie: moins_cher]
[30/07/2025 18:11:46] (tick 3) BioLogix a acheté 8x Aspirateur (matiere_premiere) chez TechDistrib à 46.61€ (total: 372.88€) [budget restant: 485.74€] [stratégie: par_type]
[30/07/2025 18:11:46] (tick 3) BuildTech a acheté 1x Aspirateur (matiere_premiere) chez TechDistrib à 46.61€ (total: 46.61€) [budget restant: 113.08€] [stratégie: moins_cher]
[30/07/2025 18:11:46] (tick 4) BuildTech a acheté 1x Aspirateur (matiere_premiere) chez TechDistrib à 46.61€ (total: 46.61€) [budget restant: 66.47€] [stratégie: moins_cher]
[30/07/2025 18:11:46] (tick 5) BioLogix a acheté 2x Ours en peluche (produit_fini) chez TechDistrib à 167.72€ (total: 335.44€) [budget restant: 150.30€] [stratégie: par_type]
[30/07/2025 18:11:46] (tick 5) BuildTech a acheté 1x Aspirateur (matiere_premiere) chez TechDistrib à 46.61€ (total: 46.61€) [budget restant: 19.86€] [stratégie: moins_cher]
[30/07/2025 18:11:46] (tick 6) BioLogix a acheté 1x Aspirateur (matiere_premiere) chez TechDistrib à 46.61€ (total: 46.61€) [budget restant: 103.69€] [stratégie: par_type]
[30/07/2025 18:11:46] (tick 6) MagaToys a acheté 1x Ours en peluche (produit_fini) chez AsieImport à 177.52€ (total: 177.52€) [budget restant: 729.39€] [stratégie: par_type]
[30/07/2025 18:11:47] (tick 7) BioLogix a acheté 2x Acier (produit_fini) chez ElectroPlus à 48.26€ (total: 96.52€) [budget restant: 7.17€] [stratégie: par_type]
[30/07/2025 18:11:47] (tick 8) MagaToys a acheté 6x Aspirateur (matiere_premiere) chez TechDistrib à 46.61€ (total: 279.66€) [budget restant: 449.73€] [stratégie: par_type]
[30/07/2025 18:11:47] (tick 9) MagaToys a acheté 8x Acier (produit_fini) chez ElectroPlus à 48.26€ (total: 386.08€) [budget restant: 63.65€] [stratégie: par_type]
[30/07/2025 18:11:47] (tick 10) MagaToys a acheté 1x Acier (produit_fini) chez ElectroPlus à 48.26€ (total: 48.26€) [budget restant: 15.39€] [stratégie: par_type]
[30/07/2025 18:11:47] (tick 11) Aucun achat effectué - Tour vide, on continue.
[30/07/2025 18:11:47] (tick 12) Aucun achat effectué - Tour vide, on continue.
[30/07/2025 18:11:47] (tick 13) Aucun achat effectué - Tour vide, on continue.
[30/07/2025 18:11:47] (tick 14) Aucun achat effectué - Tour vide, on continue.
[30/07/2025 18:11:47] (tick 15) Aucun achat effectué - Tour vide, on continue.
[30/07/2025 18:11:48] (tick 16) Aucun achat effectué - Tour vide, on continue.
[30/07/2025 18:11:48] (tick 17) Aucun achat effectué - Tour vide, on continue.
[30/07/2025 18:11:48] (tick 18) Aucun achat effectué - Tour vide, on continue.
[30/07/2025 18:11:48] (tick 19) Aucun achat effectué - Tour vide, on continue.
[30/07/2025 18:11:48] (tick 20) Aucun achat effectué - Tour vide, on continue.
[EVENT: INFLATION] 🔴 Produit ciblé : Aspirateur - 1 prix modifiés | Min: +40.0% | Max: +40.0% | Moy: +40.0%
[EVENT: VARIATION_DISPONIBILITE] 🔄 📉 1 désactivés | 📈 3 réactivés | Total modifié: 4 produits
[30/07/2025 18:11:48] (tick 21) Aucun achat effectué - Tour vide, on continue.
[30/07/2025 18:11:48] (tick 22) BuildTech a acheté 1x Téléphone (matiere_premiere) chez ElectroPlus à 18.51€ (total: 18.51€) [budget restant: 1.35€] [stratégie: moins_cher]
[30/07/2025 18:11:48] (tick 23) Aucun achat effectué - Tour vide, on continue.
[30/07/2025 18:11:48] (tick 24) Aucun achat effectué - Tour vide, on continue.
[30/07/2025 18:11:48] (tick 25) Aucun achat effectué - Tour vide, on continue.
[30/07/2025 18:11:49] (tick 26) Aucun achat effectué - Tour vide, on continue.
[30/07/2025 18:11:49] (tick 27) Aucun achat effectué - Tour vide, on continue.
[30/07/2025 18:11:49] (tick 28) Aucun achat effectué - Tour vide, on continue.
[30/07/2025 18:11:49] (tick 29) Aucun achat effectué - Tour vide, on continue.
[30/07/2025 18:11:49] (tick 30) Aucun achat effectué - Tour vide, on continue.
[30/07/2025 18:11:49] (tick 31) Aucun achat effectué - Tour vide, on continue.
[30/07/2025 18:11:49] (tick 32) Aucun achat effectué - Tour vide, on continue.
[30/07/2025 18:11:49] (tick 33) Aucun achat effectué - Tour vide, on continue.
[30/07/2025 18:11:49] (tick 34) Aucun achat effectué - Tour vide, on continue.
[30/07/2025 18:11:50] (tick 35) Aucun achat effectué - Tour vide, on continue.
